[INFO][server.go:100]2023/09/02 13:22:11 [Handler shutting down...]
[INFO][server.go:100]2023/09/02 13:22:11 [Handler shutting down...]
[INFO][server.go:49]2023/09/09 16:17:47 [connection closed: 127.0.0.1:5913]
[INFO][server.go:100]2023/09/09 16:17:48 [Handler shutting down...]
[INFO][server.go:100]2023/09/09 16:17:48 [Handler shutting down...]
[WARN][db.go:40]2023/09/09 16:20:19 [open : The system cannot find the file specified.]
[WARN][db.go:40]2023/09/09 16:20:19 [open : The system cannot find the file specified.]
[WARN][db.go:40]2023/09/09 16:20:19 [open : The system cannot find the file specified.]
[WARN][db.go:40]2023/09/09 16:20:19 [open : The system cannot find the file specified.]
[WARN][db.go:40]2023/09/09 16:20:19 [open : The system cannot find the file specified.]
[WARN][db.go:40]2023/09/09 16:20:19 [open : The system cannot find the file specified.]
[WARN][db.go:40]2023/09/09 16:20:19 [open : The system cannot find the file specified.]
[WARN][db.go:40]2023/09/09 16:20:19 [open : The system cannot find the file specified.]
[WARN][db.go:40]2023/09/09 16:20:19 [open : The system cannot find the file specified.]
[WARN][db.go:40]2023/09/09 16:20:19 [open : The system cannot find the file specified.]
[WARN][db.go:40]2023/09/09 16:20:19 [open : The system cannot find the file specified.]
[WARN][db.go:40]2023/09/09 16:20:19 [open : The system cannot find the file specified.]
[WARN][db.go:40]2023/09/09 16:20:19 [open : The system cannot find the file specified.]
[WARN][db.go:40]2023/09/09 16:20:19 [open : The system cannot find the file specified.]
[WARN][db.go:40]2023/09/09 16:20:19 [open : The system cannot find the file specified.]
[WARN][db.go:40]2023/09/09 16:20:19 [open : The system cannot find the file specified.]
[WARN][aof.go:24]2023/09/09 16:20:19 [invalid argument]
[INFO][server.go:100]2023/09/09 16:20:53 [Handler shutting down...]
[INFO][server.go:100]2023/09/09 16:20:53 [Handler shutting down...]
[WARN][aof.go:24]2023/09/09 16:20:54 [EOF]
[INFO][server.go:100]2023/09/09 16:24:05 [Handler shutting down...]
[INFO][server.go:49]2023/09/09 16:24:05 [connection closed: 127.0.0.1:2367]
[INFO][server.go:100]2023/09/09 16:24:05 [Handler shutting down...]
[WARN][aof.go:24]2023/09/09 16:37:39 [EOF]
[INFO][server.go:100]2023/09/09 16:41:55 [Handler shutting down...]
[INFO][server.go:49]2023/09/09 16:41:55 [connection closed: 127.0.0.1:5306]
[INFO][server.go:100]2023/09/09 16:41:55 [Handler shutting down...]
[WARN][aof.go:24]2023/09/09 16:42:04 [EOF]
[INFO][server.go:100]2023/09/09 16:42:46 [Handler shutting down...]
[INFO][server.go:49]2023/09/09 16:42:46 [connection closed: 127.0.0.1:14804]
[INFO][server.go:100]2023/09/09 16:42:46 [Handler shutting down...]
[WARN][aof.go:24]2023/09/11 19:59:50 [EOF]
[INFO][server.go:49]2023/09/11 20:43:13 [connection closed: 127.0.0.1:10105]
[INFO][server.go:100]2023/09/11 20:43:20 [Handler shutting down...]
[INFO][server.go:100]2023/09/11 20:43:20 [Handler shutting down...]
[WARN][aof.go:24]2023/09/11 20:51:42 [EOF]
[INFO][server.go:100]2023/09/11 20:52:43 [Handler shutting down...]
[INFO][server.go:100]2023/09/11 20:52:43 [Handler shutting down...]
[WARN][aof.go:24]2023/09/11 20:52:45 [EOF]
[INFO][server.go:49]2023/09/11 20:53:52 [connection closed: 127.0.0.1:11302]
[INFO][server.go:100]2023/09/11 20:53:53 [Handler shutting down...]
[INFO][server.go:100]2023/09/11 20:53:53 [Handler shutting down...]
[WARN][aof.go:24]2023/09/11 21:16:05 [EOF]
[INFO][server.go:49]2023/09/11 21:18:02 [connection closed: 127.0.0.1:11767]
[INFO][server.go:100]2023/09/11 21:21:12 [Handler shutting down...]
[INFO][server.go:100]2023/09/11 21:21:12 [Handler shutting down...]
[WARN][aof.go:24]2023/09/11 21:21:14 [EOF]
[INFO][server.go:100]2023/09/11 21:24:11 [Handler shutting down...]
[INFO][server.go:49]2023/09/11 21:24:11 [connection closed: 127.0.0.1:12018]
[INFO][server.go:100]2023/09/11 21:24:11 [Handler shutting down...]
[WARN][aof.go:24]2023/09/11 21:24:14 [EOF]
[INFO][server.go:49]2023/09/11 21:24:17 [connection closed: 127.0.0.1:12039]
[INFO][server.go:49]2023/09/11 21:25:33 [connection closed: 127.0.0.1:12040]
[INFO][server.go:100]2023/09/11 21:25:36 [Handler shutting down...]
[INFO][server.go:100]2023/09/11 21:25:36 [Handler shutting down...]
[WARN][aof.go:24]2023/09/11 21:25:53 [EOF]
[INFO][server.go:100]2023/09/11 21:43:41 [Handler shutting down...]
[INFO][server.go:49]2023/09/11 21:43:41 [connection closed: 127.0.0.1:12175]
[INFO][server.go:100]2023/09/11 21:43:41 [Handler shutting down...]
[WARN][aof.go:24]2023/09/11 21:43:43 [EOF]
[INFO][server.go:49]2023/09/11 21:43:45 [connection closed: 127.0.0.1:12455]
[INFO][server.go:100]2023/09/11 21:44:23 [Handler shutting down...]
[INFO][server.go:49]2023/09/11 21:44:23 [connection closed: 127.0.0.1:12456]
[INFO][server.go:100]2023/09/11 21:44:23 [Handler shutting down...]
